<?xml version="1.0" encoding="UTF-8"?>
<!-- Generated by org.testng.reporters.JUnitReportReporter -->
<testsuite hostname="SravanKumar" failures="0" tests="2" name="tests.TestExamples" time="2.462" errors="0" timestamp="2025-06-10T09:28:11 IST" skipped="0">
  <testcase classname="tests.TestExamples" name="Test_2" time="0.840"/>
  <testcase classname="tests.TestExamples" name="Test_1" time="1.622"/>
</testsuite> <!-- tests.TestExamples -->
